[2018.07.12 19:55:17] (Coverage): Failed to load coverage data from file: C:\Users\cazaw\.IntelliJIdea2017.2\system\coverage\SpiceOfLifeCarrotEdition$Minecraft_Client.coverage
java.io.EOFException
	at java.io.DataInputStream.readUnsignedByte(DataInputStream.java:290)
	at com.intellij.rt.coverage.util.CoverageIOUtil.readINT(CoverageIOUtil.java:130)
	at com.intellij.rt.coverage.util.ProjectDataLoader.load(ProjectDataLoader.java:38)
	at com.intellij.coverage.IDEACoverageRunner.loadCoverageData(IDEACoverageRunner.java:40)
	at com.intellij.coverage.BaseCoverageSuite.loadProjectInfo(BaseCoverageSuite.java:245)
	at com.intellij.coverage.JavaCoverageSuite.getCoverageData(JavaCoverageSuite.java:145)
	at com.intellij.coverage.CoverageSuitesBundle.getCoverageData(CoverageSuitesBundle.java:92)
	at com.intellij.coverage.PackageAnnotator.annotate(PackageAnnotator.java:140)
	at com.intellij.coverage.JavaCoverageAnnotator.lambda$createRenewRequest$1(JavaCoverageAnnotator.java:142)
	at com.intellij.coverage.BaseCoverageAnnotator$1.run(BaseCoverageAnnotator.java:36)
	at com.intellij.openapi.progress.impl.CoreProgressManager$TaskRunnable.run(CoreProgressManager.java:718)
	at com.intellij.openapi.progress.impl.CoreProgressManager.a(CoreProgressManager.java:170)
	at com.intellij.openapi.progress.impl.CoreProgressManager.a(CoreProgressManager.java:548)
	at com.intellij.openapi.progress.impl.CoreProgressManager.executeProcessUnderProgress(CoreProgressManager.java:493)
	at com.intellij.openapi.progress.impl.ProgressManagerImpl.executeProcessUnderProgress(ProgressManagerImpl.java:94)
	at com.intellij.openapi.progress.impl.CoreProgressManager.runProcess(CoreProgressManager.java:157)
	at com.intellij.openapi.progress.impl.ProgressManagerImpl$2.run(ProgressManagerImpl.java:165)
	at com.intellij.openapi.application.impl.ApplicationImpl$1.run(ApplicationImpl.java:330)
	at java.util.concurrent.Executors$RunnableAdapter.call(Executors.java:511)
	at java.util.concurrent.FutureTask.run(FutureTask.java:266)
	at java.util.concurrent.ThreadPoolExecutor.runWorker(ThreadPoolExecutor.java:1142)
	at java.util.concurrent.ThreadPoolExecutor$Worker.run(ThreadPoolExecutor.java:617)
	at java.lang.Thread.run(Thread.java:745)
[2018.07.12 20:07:00] (Coverage): Failed to load coverage data from file: C:\Users\cazaw\.IntelliJIdea2017.2\system\coverage\SpiceOfLifeCarrotEdition$Minecraft_Client.coverage
java.io.EOFException
	at java.io.DataInputStream.readUnsignedByte(DataInputStream.java:290)
	at com.intellij.rt.coverage.util.CoverageIOUtil.readINT(CoverageIOUtil.java:130)
	at com.intellij.rt.coverage.util.ProjectDataLoader.load(ProjectDataLoader.java:38)
	at com.intellij.coverage.IDEACoverageRunner.loadCoverageData(IDEACoverageRunner.java:40)
	at com.intellij.coverage.BaseCoverageSuite.loadProjectInfo(BaseCoverageSuite.java:245)
	at com.intellij.coverage.JavaCoverageSuite.getCoverageData(JavaCoverageSuite.java:145)
	at com.intellij.coverage.CoverageSuitesBundle.getCoverageData(CoverageSuitesBundle.java:92)
	at com.intellij.coverage.SrcFileAnnotator.showCoverageInformation(SrcFileAnnotator.java:288)
	at com.intellij.coverage.CoverageDataManagerImpl$CoverageEditorFactoryListener.lambda$editorCreated$1(CoverageDataManagerImpl.java:707)
	at com.intellij.util.concurrency.QueueProcessor.runSafely(QueueProcessor.java:246)
	at com.intellij.util.Alarm$Request.runSafely(Alarm.java:417)
	at com.intellij.util.Alarm$Request.access$700(Alarm.java:344)
	at com.intellij.util.Alarm$Request$1.run(Alarm.java:384)
	at com.intellij.util.Alarm$Request.run(Alarm.java:395)
	at java.util.concurrent.Executors$RunnableAdapter.call(Executors.java:511)
	at java.util.concurrent.FutureTask.run(FutureTask.java:266)
	at com.intellij.util.concurrency.SchedulingWrapper$MyScheduledFutureTask.run(SchedulingWrapper.java:237)
	at com.intellij.util.concurrency.BoundedTaskExecutor$2.run(BoundedTaskExecutor.java:212)
	at java.util.concurrent.ThreadPoolExecutor.runWorker(ThreadPoolExecutor.java:1142)
	at java.util.concurrent.ThreadPoolExecutor$Worker.run(ThreadPoolExecutor.java:617)
	at java.lang.Thread.run(Thread.java:745)
[2018.07.12 20:11:51] (Coverage): Failed to load coverage data from file: C:\Users\cazaw\.IntelliJIdea2017.2\system\coverage\SpiceOfLifeCarrotEdition$Minecraft_Client.coverage
java.io.EOFException
	at java.io.DataInputStream.readUnsignedByte(DataInputStream.java:290)
	at com.intellij.rt.coverage.util.CoverageIOUtil.readINT(CoverageIOUtil.java:130)
	at com.intellij.rt.coverage.util.ProjectDataLoader.load(ProjectDataLoader.java:38)
	at com.intellij.coverage.IDEACoverageRunner.loadCoverageData(IDEACoverageRunner.java:40)
	at com.intellij.coverage.BaseCoverageSuite.loadProjectInfo(BaseCoverageSuite.java:245)
	at com.intellij.coverage.JavaCoverageSuite.getCoverageData(JavaCoverageSuite.java:145)
	at com.intellij.coverage.CoverageSuitesBundle.getCoverageData(CoverageSuitesBundle.java:92)
	at com.intellij.coverage.SrcFileAnnotator.showCoverageInformation(SrcFileAnnotator.java:288)
	at com.intellij.coverage.CoverageDataManagerImpl$CoverageEditorFactoryListener.lambda$editorCreated$1(CoverageDataManagerImpl.java:707)
	at com.intellij.util.concurrency.QueueProcessor.runSafely(QueueProcessor.java:246)
	at com.intellij.util.Alarm$Request.runSafely(Alarm.java:417)
	at com.intellij.util.Alarm$Request.access$700(Alarm.java:344)
	at com.intellij.util.Alarm$Request$1.run(Alarm.java:384)
	at com.intellij.util.Alarm$Request.run(Alarm.java:395)
	at java.util.concurrent.Executors$RunnableAdapter.call(Executors.java:511)
	at java.util.concurrent.FutureTask.run(FutureTask.java:266)
	at com.intellij.util.concurrency.SchedulingWrapper$MyScheduledFutureTask.run(SchedulingWrapper.java:237)
	at com.intellij.util.concurrency.BoundedTaskExecutor$2.run(BoundedTaskExecutor.java:212)
	at java.util.concurrent.ThreadPoolExecutor.runWorker(ThreadPoolExecutor.java:1142)
	at java.util.concurrent.ThreadPoolExecutor$Worker.run(ThreadPoolExecutor.java:617)
	at java.lang.Thread.run(Thread.java:745)
[2018.07.12 20:15:23] (Coverage): Failed to load coverage data from file: C:\Users\cazaw\.IntelliJIdea2017.2\system\coverage\SpiceOfLifeCarrotEdition$Minecraft_Client.coverage
java.io.EOFException
	at java.io.DataInputStream.readUnsignedByte(DataInputStream.java:290)
	at com.intellij.rt.coverage.util.CoverageIOUtil.readINT(CoverageIOUtil.java:130)
	at com.intellij.rt.coverage.util.ProjectDataLoader.load(ProjectDataLoader.java:38)
	at com.intellij.coverage.IDEACoverageRunner.loadCoverageData(IDEACoverageRunner.java:40)
	at com.intellij.coverage.BaseCoverageSuite.loadProjectInfo(BaseCoverageSuite.java:245)
	at com.intellij.coverage.JavaCoverageSuite.getCoverageData(JavaCoverageSuite.java:145)
	at com.intellij.coverage.CoverageSuitesBundle.getCoverageData(CoverageSuitesBundle.java:92)
	at com.intellij.coverage.SrcFileAnnotator.showCoverageInformation(SrcFileAnnotator.java:288)
	at com.intellij.coverage.CoverageDataManagerImpl$CoverageEditorFactoryListener.lambda$editorCreated$1(CoverageDataManagerImpl.java:707)
	at com.intellij.util.concurrency.QueueProcessor.runSafely(QueueProcessor.java:246)
	at com.intellij.util.Alarm$Request.runSafely(Alarm.java:417)
	at com.intellij.util.Alarm$Request.access$700(Alarm.java:344)
	at com.intellij.util.Alarm$Request$1.run(Alarm.java:384)
	at com.intellij.util.Alarm$Request.run(Alarm.java:395)
	at java.util.concurrent.Executors$RunnableAdapter.call(Executors.java:511)
	at java.util.concurrent.FutureTask.run(FutureTask.java:266)
	at com.intellij.util.concurrency.SchedulingWrapper$MyScheduledFutureTask.run(SchedulingWrapper.java:237)
	at com.intellij.util.concurrency.BoundedTaskExecutor$2.run(BoundedTaskExecutor.java:212)
	at java.util.concurrent.ThreadPoolExecutor.runWorker(ThreadPoolExecutor.java:1142)
	at java.util.concurrent.ThreadPoolExecutor$Worker.run(ThreadPoolExecutor.java:617)
	at java.lang.Thread.run(Thread.java:745)
[2018.07.12 20:32:47] (Coverage): Failed to load coverage data from file: C:\Users\cazaw\.IntelliJIdea2017.2\system\coverage\SpiceOfLifeCarrotEdition$Minecraft_Client.coverage
java.io.EOFException
	at java.io.DataInputStream.readUnsignedByte(DataInputStream.java:290)
	at com.intellij.rt.coverage.util.CoverageIOUtil.readINT(CoverageIOUtil.java:130)
	at com.intellij.rt.coverage.util.ProjectDataLoader.load(ProjectDataLoader.java:38)
	at com.intellij.coverage.IDEACoverageRunner.loadCoverageData(IDEACoverageRunner.java:40)
	at com.intellij.coverage.BaseCoverageSuite.loadProjectInfo(BaseCoverageSuite.java:245)
	at com.intellij.coverage.JavaCoverageSuite.getCoverageData(JavaCoverageSuite.java:145)
	at com.intellij.coverage.CoverageSuitesBundle.getCoverageData(CoverageSuitesBundle.java:92)
	at com.intellij.coverage.SrcFileAnnotator.showCoverageInformation(SrcFileAnnotator.java:288)
	at com.intellij.coverage.CoverageDataManagerImpl$CoverageEditorFactoryListener.lambda$editorCreated$1(CoverageDataManagerImpl.java:707)
	at com.intellij.util.concurrency.QueueProcessor.runSafely(QueueProcessor.java:246)
	at com.intellij.util.Alarm$Request.runSafely(Alarm.java:417)
	at com.intellij.util.Alarm$Request.access$700(Alarm.java:344)
	at com.intellij.util.Alarm$Request$1.run(Alarm.java:384)
	at com.intellij.util.Alarm$Request.run(Alarm.java:395)
	at java.util.concurrent.Executors$RunnableAdapter.call(Executors.java:511)
	at java.util.concurrent.FutureTask.run(FutureTask.java:266)
	at com.intellij.util.concurrency.SchedulingWrapper$MyScheduledFutureTask.run(SchedulingWrapper.java:237)
	at com.intellij.util.concurrency.BoundedTaskExecutor$2.run(BoundedTaskExecutor.java:212)
	at java.util.concurrent.ThreadPoolExecutor.runWorker(ThreadPoolExecutor.java:1142)
	at java.util.concurrent.ThreadPoolExecutor$Worker.run(ThreadPoolExecutor.java:617)
	at java.lang.Thread.run(Thread.java:745)
[2018.07.12 20:40:10] (Coverage): Failed to load coverage data from file: C:\Users\cazaw\.IntelliJIdea2017.2\system\coverage\SpiceOfLifeCarrotEdition$Minecraft_Client.coverage
java.io.EOFException
	at java.io.DataInputStream.readUnsignedByte(DataInputStream.java:290)
	at com.intellij.rt.coverage.util.CoverageIOUtil.readINT(CoverageIOUtil.java:130)
	at com.intellij.rt.coverage.util.ProjectDataLoader.load(ProjectDataLoader.java:38)
	at com.intellij.coverage.IDEACoverageRunner.loadCoverageData(IDEACoverageRunner.java:40)
	at com.intellij.coverage.BaseCoverageSuite.loadProjectInfo(BaseCoverageSuite.java:245)
	at com.intellij.coverage.JavaCoverageSuite.getCoverageData(JavaCoverageSuite.java:145)
	at com.intellij.coverage.CoverageSuitesBundle.getCoverageData(CoverageSuitesBundle.java:92)
	at com.intellij.coverage.SrcFileAnnotator.showCoverageInformation(SrcFileAnnotator.java:288)
	at com.intellij.coverage.CoverageDataManagerImpl$CoverageEditorFactoryListener.lambda$editorCreated$1(CoverageDataManagerImpl.java:707)
	at com.intellij.util.concurrency.QueueProcessor.runSafely(QueueProcessor.java:246)
	at com.intellij.util.Alarm$Request.runSafely(Alarm.java:417)
	at com.intellij.util.Alarm$Request.access$700(Alarm.java:344)
	at com.intellij.util.Alarm$Request$1.run(Alarm.java:384)
	at com.intellij.util.Alarm$Request.run(Alarm.java:395)
	at java.util.concurrent.Executors$RunnableAdapter.call(Executors.java:511)
	at java.util.concurrent.FutureTask.run(FutureTask.java:266)
	at com.intellij.util.concurrency.SchedulingWrapper$MyScheduledFutureTask.run(SchedulingWrapper.java:237)
	at com.intellij.util.concurrency.BoundedTaskExecutor$2.run(BoundedTaskExecutor.java:212)
	at java.util.concurrent.ThreadPoolExecutor.runWorker(ThreadPoolExecutor.java:1142)
	at java.util.concurrent.ThreadPoolExecutor$Worker.run(ThreadPoolExecutor.java:617)
	at java.lang.Thread.run(Thread.java:745)
[2018.07.12 21:44:49] (Coverage): Failed to load coverage data from file: C:\Users\cazaw\.IntelliJIdea2017.2\system\coverage\SpiceOfLifeCarrotEdition$Minecraft_Client.coverage
java.io.EOFException
	at java.io.DataInputStream.readUnsignedByte(DataInputStream.java:290)
	at com.intellij.rt.coverage.util.CoverageIOUtil.readINT(CoverageIOUtil.java:130)
	at com.intellij.rt.coverage.util.ProjectDataLoader.load(ProjectDataLoader.java:38)
	at com.intellij.coverage.IDEACoverageRunner.loadCoverageData(IDEACoverageRunner.java:40)
	at com.intellij.coverage.BaseCoverageSuite.loadProjectInfo(BaseCoverageSuite.java:245)
	at com.intellij.coverage.JavaCoverageSuite.getCoverageData(JavaCoverageSuite.java:145)
	at com.intellij.coverage.CoverageSuitesBundle.getCoverageData(CoverageSuitesBundle.java:92)
	at com.intellij.coverage.SrcFileAnnotator.showCoverageInformation(SrcFileAnnotator.java:288)
	at com.intellij.coverage.CoverageDataManagerImpl$CoverageEditorFactoryListener.lambda$editorCreated$1(CoverageDataManagerImpl.java:707)
	at com.intellij.util.concurrency.QueueProcessor.runSafely(QueueProcessor.java:246)
	at com.intellij.util.Alarm$Request.runSafely(Alarm.java:417)
	at com.intellij.util.Alarm$Request.access$700(Alarm.java:344)
	at com.intellij.util.Alarm$Request$1.run(Alarm.java:384)
	at com.intellij.util.Alarm$Request.run(Alarm.java:395)
	at java.util.concurrent.Executors$RunnableAdapter.call(Executors.java:511)
	at java.util.concurrent.FutureTask.run(FutureTask.java:266)
	at com.intellij.util.concurrency.SchedulingWrapper$MyScheduledFutureTask.run(SchedulingWrapper.java:237)
	at com.intellij.util.concurrency.BoundedTaskExecutor$2.run(BoundedTaskExecutor.java:212)
	at java.util.concurrent.ThreadPoolExecutor.runWorker(ThreadPoolExecutor.java:1142)
	at java.util.concurrent.ThreadPoolExecutor$Worker.run(ThreadPoolExecutor.java:617)
	at java.lang.Thread.run(Thread.java:745)
[2018.07.12 22:03:25] (Coverage): Failed to load coverage data from file: C:\Users\cazaw\.IntelliJIdea2017.2\system\coverage\SpiceOfLifeCarrotEdition$Minecraft_Client.coverage
java.io.EOFException
	at java.io.DataInputStream.readUnsignedByte(DataInputStream.java:290)
	at com.intellij.rt.coverage.util.CoverageIOUtil.readINT(CoverageIOUtil.java:130)
	at com.intellij.rt.coverage.util.ProjectDataLoader.load(ProjectDataLoader.java:38)
	at com.intellij.coverage.IDEACoverageRunner.loadCoverageData(IDEACoverageRunner.java:40)
	at com.intellij.coverage.BaseCoverageSuite.loadProjectInfo(BaseCoverageSuite.java:245)
	at com.intellij.coverage.JavaCoverageSuite.getCoverageData(JavaCoverageSuite.java:145)
	at com.intellij.coverage.CoverageSuitesBundle.getCoverageData(CoverageSuitesBundle.java:92)
	at com.intellij.coverage.SrcFileAnnotator.showCoverageInformation(SrcFileAnnotator.java:288)
	at com.intellij.coverage.CoverageDataManagerImpl$CoverageEditorFactoryListener.lambda$editorCreated$1(CoverageDataManagerImpl.java:707)
	at com.intellij.util.concurrency.QueueProcessor.runSafely(QueueProcessor.java:246)
	at com.intellij.util.Alarm$Request.runSafely(Alarm.java:417)
	at com.intellij.util.Alarm$Request.access$700(Alarm.java:344)
	at com.intellij.util.Alarm$Request$1.run(Alarm.java:384)
	at com.intellij.util.Alarm$Request.run(Alarm.java:395)
	at java.util.concurrent.Executors$RunnableAdapter.call(Executors.java:511)
	at java.util.concurrent.FutureTask.run(FutureTask.java:266)
	at com.intellij.util.concurrency.SchedulingWrapper$MyScheduledFutureTask.run(SchedulingWrapper.java:237)
	at com.intellij.util.concurrency.BoundedTaskExecutor$2.run(BoundedTaskExecutor.java:212)
	at java.util.concurrent.ThreadPoolExecutor.runWorker(ThreadPoolExecutor.java:1142)
	at java.util.concurrent.ThreadPoolExecutor$Worker.run(ThreadPoolExecutor.java:617)
	at java.lang.Thread.run(Thread.java:745)
